%!Adobe-FontList 1.14
%Locale:0x412

%BeginFont
Handler:DirectoryHandler
FontType:CID
FontName:NotoSansCJKkr-Black
FamilyName:Noto Sans CJK KR
StyleName:Black
FullName:Noto Sans CJK KR Black
MenuName:Noto Sans CJK KR Black
StyleBits:0
FamilyNameNative:
StyleNameNative:Black
FullNameNative:
WritingScript:Korean
OutlineFileName:D:\양성호\b2\Font\NotoSansCJKkr-Black.otf
DataFormat:sfntData
isCFF:yes
FileLength:17368992
FileModTime:1434372544
WeightClass:900
WidthClass:5
AngleClass:0
%EndFont

%BeginFont
Handler:DirectoryHandler
FontType:Invalid
OutlineFileName:D:\양성호\b2\Font\NotoSansCJKkr-Black.otf.eot
FileModTime:1569556851
%EndFont

%BeginFont
Handler:DirectoryHandler
FontType:Invalid
OutlineFileName:D:\양성호\b2\Font\NotoSansCJKkr-Black.woff
FileModTime:1569556818
%EndFont

%BeginFont
Handler:DirectoryHandler
FontType:CID
FontName:NotoSansCJKkr-Bold
FamilyName:Noto Sans CJK KR
StyleName:Bold
FullName:Noto Sans CJK KR Bold
MenuName:Noto Sans CJK KR Bold
StyleBits:0
FamilyNameNative:
StyleNameNative:Bold
FullNameNative:
WritingScript:Korean
OutlineFileName:D:\양성호\b2\Font\NotoSansCJKkr-Bold.otf
DataFormat:sfntData
isCFF:yes
FileLength:17027920
FileModTime:1434372544
WeightClass:700
WidthClass:5
AngleClass:0
%EndFont

%BeginFont
Handler:DirectoryHandler
FontType:Invalid
OutlineFileName:D:\양성호\b2\Font\NotoSansCJKkr-Bold.woff
FileModTime:1569556882
%EndFont

%BeginFont
Handler:DirectoryHandler
FontType:Invalid
OutlineFileName:D:\양성호\b2\Font\NotoSansCJKkr-DemiLight.eot
FileModTime:1569556899
%EndFont

%BeginFont
Handler:DirectoryHandler
FontType:CID
FontName:NotoSansCJKkr-DemiLight
FamilyName:Noto Sans CJK KR
StyleName:DemiLight
FullName:Noto Sans CJK KR DemiLight
MenuName:Noto Sans CJK KR DemiLight
StyleBits:0
FamilyNameNative:
StyleNameNative:DemiLight
FullNameNative:
WritingScript:Korean
OutlineFileName:D:\양성호\b2\Font\NotoSansCJKkr-DemiLight.otf
DataFormat:sfntData
isCFF:yes
FileLength:16397784
FileModTime:1434372544
WeightClass:350
WidthClass:5
AngleClass:0
%EndFont

%BeginFont
Handler:DirectoryHandler
FontType:Invalid
OutlineFileName:D:\양성호\b2\Font\NotoSansCJKkr-DemiLight.woff
FileModTime:1569556903
%EndFont

%BeginFont
Handler:DirectoryHandler
FontType:CID
FontName:NotoSansCJKkr-Light
FamilyName:Noto Sans CJK KR
StyleName:Light
FullName:Noto Sans CJK KR Light
MenuName:Noto Sans CJK KR Light
StyleBits:0
FamilyNameNative:
StyleNameNative:Light
FullNameNative:
WritingScript:Korean
OutlineFileName:D:\양성호\b2\Font\NotoSansCJKkr-Light.otf
DataFormat:sfntData
isCFF:yes
FileLength:16273808
FileModTime:1434372544
WeightClass:300
WidthClass:5
AngleClass:0
%EndFont

%BeginFont
Handler:DirectoryHandler
FontType:Invalid
OutlineFileName:D:\양성호\b2\Font\NotoSansCJKkr-Light.otf.eot
FileModTime:1569556956
%EndFont

%BeginFont
Handler:DirectoryHandler
FontType:Invalid
OutlineFileName:D:\양성호\b2\Font\NotoSansCJKkr-Light.woff
FileModTime:1569556960
%EndFont

%BeginFont
Handler:DirectoryHandler
FontType:CID
FontName:NotoSansCJKkr-Medium
FamilyName:Noto Sans CJK KR
StyleName:Medium
FullName:Noto Sans CJK KR Medium
MenuName:Noto Sans CJK KR Medium
StyleBits:0
FamilyNameNative:
StyleNameNative:Medium
FullNameNative:
WritingScript:Korean
OutlineFileName:D:\양성호\b2\Font\NotoSansCJKkr-Medium.otf
DataFormat:sfntData
isCFF:yes
FileLength:16534292
FileModTime:1434372544
WeightClass:500
WidthClass:5
AngleClass:0
%EndFont

%BeginFont
Handler:DirectoryHandler
FontType:Invalid
OutlineFileName:D:\양성호\b2\Font\NotoSansCJKkr-Medium.woff
FileModTime:1569556984
%EndFont

%BeginFont
Handler:DirectoryHandler
FontType:CID
FontName:NotoSansCJKkr-Regular
FamilyName:Noto Sans CJK KR
StyleName:Regular
FullName:Noto Sans CJK KR Regular
MenuName:Noto Sans CJK KR Regular
StyleBits:0
FamilyNameNative:
StyleNameNative:Regular
FullNameNative:
WritingScript:Korean
OutlineFileName:D:\양성호\b2\Font\NotoSansCJKkr-Regular.otf
DataFormat:sfntData
isCFF:yes
FileLength:16457008
FileModTime:1434372544
WeightClass:400
WidthClass:5
AngleClass:0
%EndFont

%BeginFont
Handler:DirectoryHandler
FontType:Invalid
OutlineFileName:D:\양성호\b2\Font\NotoSansCJKkr-Regular.woff
FileModTime:1569557007
%EndFont

%BeginFont
Handler:DirectoryHandler
FontType:CID
FontName:NotoSansCJKkr-Thin
FamilyName:Noto Sans CJK KR
StyleName:Thin
FullName:Noto Sans CJK KR Thin
MenuName:Noto Sans CJK KR Thin
StyleBits:0
FamilyNameNative:
StyleNameNative:Thin
FullNameNative:
WritingScript:Korean
OutlineFileName:D:\양성호\b2\Font\NotoSansCJKkr-Thin.otf
DataFormat:sfntData
isCFF:yes
FileLength:15184072
FileModTime:1434372544
WeightClass:250
WidthClass:5
AngleClass:0
%EndFont

%BeginFont
Handler:DirectoryHandler
FontType:Invalid
OutlineFileName:D:\양성호\b2\Font\NotoSansCJKkr-Thin.woff
FileModTime:1569557026
%EndFont

%BeginFont
Handler:DirectoryHandler
FontType:CID
FontName:NotoSansMonoCJKkr-Bold
FamilyName:Noto Sans Mono CJK KR
StyleName:Bold
FullName:Noto Sans Mono CJK KR Bold
MenuName:Noto Sans Mono CJK KR Bold
StyleBits:0
FamilyNameNative:
StyleNameNative:Bold
FullNameNative:
WritingScript:Korean
OutlineFileName:D:\양성호\b2\Font\NotoSansMonoCJKkr-Bold.otf
DataFormat:sfntData
isCFF:yes
FileLength:17028296
FileModTime:1434372550
WeightClass:700
WidthClass:5
AngleClass:0
%EndFont

%BeginFont
Handler:DirectoryHandler
FontType:CID
FontName:NotoSansMonoCJKkr-Regular
FamilyName:Noto Sans Mono CJK KR
StyleName:Regular
FullName:Noto Sans Mono CJK KR Regular
MenuName:Noto Sans Mono CJK KR Regular
StyleBits:0
FamilyNameNative:
StyleNameNative:Regular
FullNameNative:
WritingScript:Korean
OutlineFileName:D:\양성호\b2\Font\NotoSansMonoCJKkr-Regular.otf
DataFormat:sfntData
isCFF:yes
FileLength:16457388
FileModTime:1434372550
WeightClass:400
WidthClass:5
AngleClass:0
%EndFont

